# JRE version: 7.0_07-b11
# Java VM: Java HotSpot(TM) 64-Bit Server VM (23.3-b01 mixed mode windows-amd64 compressed oops)
Heap
 PSYoungGen      total 258816K, used 75747K [0x00000000eaab0000, 0x00000000feaf0000, 0x0000000100000000)
  eden space 207040K, 36% used [0x00000000eaab0000,0x00000000ef4a8c50,0x00000000f74e0000)
  from space 51776K, 0% used [0x00000000fb860000,0x00000000fb860000,0x00000000feaf0000)
  to   space 42496K, 0% used [0x00000000f74e0000,0x00000000f74e0000,0x00000000f9e60000)
 ParOldGen       total 195008K, used 195007K [0x00000000c0000000, 0x00000000cbe70000, 0x00000000eaab0000)
  object space 195008K, 99% used [0x00000000c0000000,0x00000000cbe6fd60,0x00000000cbe70000)
 PSPermGen       total 205120K, used 175950K [0x00000000b0000000, 0x00000000bc850000, 0x00000000c0000000)
  object space 205120K, 85% used [0x00000000b0000000,0x00000000babd3838,0x00000000bc850000)
GC Heap History (10 events):
Event: 10437.853 GC heap before
{Heap before GC invocations=34 (full 8):
 PSYoungGen      total 249536K, used 201684K [0x00000000eaab0000, 0x00000000feaf0000, 0x0000000100000000)
  eden space 207040K, 76% used [0x00000000eaab0000,0x00000000f4625398,0x00000000f74e0000)
  from space 42496K, 100% used [0x00000000f74e0000,0x00000000f9e60000,0x00000000f9e60000)
  to   space 51776K, 0% used [0x00000000fb860000,0x00000000fb860000,0x00000000feaf0000)
 ParOldGen       total 195008K, used 157285K [0x00000000c0000000, 0x00000000cbe70000, 0x00000000eaab0000)
  object space 195008K, 80% used [0x00000000c0000000,0x00000000c9999638,0x00000000cbe70000)
 PSPermGen       total 157952K, used 148880K [0x00000000b0000000, 0x00000000b9a40000, 0x00000000c0000000)
  object space 157952K, 94% used [0x00000000b0000000,0x00000000b9164000,0x00000000b9a40000)
Event: 10437.925 GC heap after
Heap after GC invocations=34 (full 8):
 PSYoungGen      total 258816K, used 51775K [0x00000000eaab0000, 0x00000000feaf0000, 0x0000000100000000)
  eden space 207040K, 0% used [0x00000000eaab0000,0x00000000eaab0000,0x00000000f74e0000)
  from space 51776K, 99% used [0x00000000fb860000,0x00000000feaeff70,0x00000000feaf0000)
  to   space 42496K, 0% used [0x00000000f74e0000,0x00000000f74e0000,0x00000000f9e60000)
 ParOldGen       total 195008K, used 169350K [0x00000000c0000000, 0x00000000cbe70000, 0x00000000eaab0000)
  object space 195008K, 86% used [0x00000000c0000000,0x00000000ca561918,0x00000000cbe70000)
 PSPermGen       total 157952K, used 148880K [0x00000000b0000000, 0x00000000b9a40000, 0x00000000c0000000)
  object space 157952K, 94% used [0x00000000b0000000,0x00000000b9164000,0x00000000b9a40000)
}
Event: 10437.926 GC heap before
{Heap before GC invocations=35 (full 9):
 PSYoungGen      total 258816K, used 51775K [0x00000000eaab0000, 0x00000000feaf0000, 0x0000000100000000)
  eden space 207040K, 0% used [0x00000000eaab0000,0x00000000eaab0000,0x00000000f74e0000)
  from space 51776K, 99% used [0x00000000fb860000,0x00000000feaeff70,0x00000000feaf0000)
  to   space 42496K, 0% used [0x00000000f74e0000,0x00000000f74e0000,0x00000000f9e60000)
 ParOldGen       total 195008K, used 169350K [0x00000000c0000000, 0x00000000cbe70000, 0x00000000eaab0000)
  object space 195008K, 86% used [0x00000000c0000000,0x00000000ca561918,0x00000000cbe70000)
 PSPermGen       total 157952K, used 148880K [0x00000000b0000000, 0x00000000b9a40000, 0x00000000c0000000)
  object space 157952K, 94% used [0x00000000b0000000,0x00000000b9164000,0x00000000b9a40000)
Event: 10438.745 GC heap after
Heap after GC invocations=35 (full 9):
 PSYoungGen      total 258816K, used 0K [0x00000000eaab0000, 0x00000000feaf0000, 0x0000000100000000)
  eden space 207040K, 0% used [0x00000000eaab0000,0x00000000eaab0000,0x00000000f74e0000)
  from space 51776K, 0% used [0x00000000fb860000,0x00000000fb860000,0x00000000feaf0000)
  to   space 42496K, 0% used [0x00000000f74e0000,0x00000000f74e0000,0x00000000f9e60000)
 ParOldGen       total 195008K, used 176175K [0x00000000c0000000, 0x00000000cbe70000, 0x00000000eaab0000)
  object space 195008K, 90% used [0x00000000c0000000,0x00000000cac0bdf8,0x00000000cbe70000)
 PSPermGen       total 157952K, used 148129K [0x00000000b0000000, 0x00000000b9a40000, 0x00000000c0000000)
  object space 157952K, 93% used [0x00000000b0000000,0x00000000b90a8578,0x00000000b9a40000)
}
Event: 10520.713 GC heap before
{Heap before GC invocations=36 (full 10):
 PSYoungGen      total 258816K, used 207040K [0x00000000eaab0000, 0x00000000feaf0000, 0x0000000100000000)
  eden space 207040K, 100% used [0x00000000eaab0000,0x00000000f74e0000,0x00000000f74e0000)
  from space 51776K, 0% used [0x00000000fb860000,0x00000000fb860000,0x00000000feaf0000)
  to   space 42496K, 0% used [0x00000000f74e0000,0x00000000f74e0000,0x00000000f9e60000)
 ParOldGen       total 195008K, used 176175K [0x00000000c0000000, 0x00000000cbe70000, 0x00000000eaab0000)
  object space 195008K, 90% used [0x00000000c0000000,0x00000000cac0bdf8,0x00000000cbe70000)
 PSPermGen       total 157952K, used 157367K [0x00000000b0000000, 0x00000000b9a40000, 0x00000000c0000000)
  object space 157952K, 99% used [0x00000000b0000000,0x00000000b99adc00,0x00000000b9a40000)
Event: 10521.331 GC heap after
Heap after GC invocations=36 (full 10):
 PSYoungGen      total 258816K, used 2796K [0x00000000eaab0000, 0x00000000feaf0000, 0x0000000100000000)
  eden space 207040K, 1% used [0x00000000eaab0000,0x00000000ead6b208,0x00000000f74e0000)
  from space 51776K, 0% used [0x00000000fb860000,0x00000000fb860000,0x00000000feaf0000)
  to   space 42496K, 0% used [0x00000000f74e0000,0x00000000f74e0000,0x00000000f9e60000)
 ParOldGen       total 195008K, used 195006K [0x00000000c0000000, 0x00000000cbe70000, 0x00000000eaab0000)
  object space 195008K, 99% used [0x00000000c0000000,0x00000000cbe6fa80,0x00000000cbe70000)
 PSPermGen       total 157952K, used 157362K [0x00000000b0000000, 0x00000000b9a40000, 0x00000000c0000000)
  object space 157952K, 99% used [0x00000000b0000000,0x00000000b99ac878,0x00000000b9a40000)
}
Event: 10552.341 GC heap before
{Heap before GC invocations=37 (full 11):
 PSYoungGen      total 258816K, used 207040K [0x00000000eaab0000, 0x00000000feaf0000, 0x0000000100000000)
  eden space 207040K, 100% used [0x00000000eaab0000,0x00000000f74e0000,0x00000000f74e0000)
  from space 51776K, 0% used [0x00000000fb860000,0x00000000fb860000,0x00000000feaf0000)
  to   space 42496K, 0% used [0x00000000f74e0000,0x00000000f74e0000,0x00000000f9e60000)
 ParOldGen       total 195008K, used 195006K [0x00000000c0000000, 0x00000000cbe70000, 0x00000000eaab0000)
  object space 195008K, 99% used [0x00000000c0000000,0x00000000cbe6fa80,0x00000000cbe70000)
 PSPermGen       total 166016K, used 165851K [0x00000000b0000000, 0x00000000ba220000, 0x00000000c0000000)
  object space 166016K, 99% used [0x00000000b0000000,0x00000000ba1f6c70,0x00000000ba220000)
Event: 10553.099 GC heap after
Heap after GC invocations=37 (full 11):
 PSYoungGen      total 258816K, used 5418K [0x00000000eaab0000, 0x00000000feaf0000, 0x0000000100000000)
  eden space 207040K, 2% used [0x00000000eaab0000,0x00000000eaffa840,0x00000000f74e0000)
  from space 51776K, 0% used [0x00000000fb860000,0x00000000fb860000,0x00000000feaf0000)
  to   space 42496K, 0% used [0x00000000f74e0000,0x00000000f74e0000,0x00000000f9e60000)
 ParOldGen       total 195008K, used 195006K [0x00000000c0000000, 0x00000000cbe70000, 0x00000000eaab0000)
  object space 195008K, 99% used [0x00000000c0000000,0x00000000cbe6f990,0x00000000cbe70000)
 PSPermGen       total 198976K, used 165440K [0x00000000b0000000, 0x00000000bc250000, 0x00000000c0000000)
  object space 198976K, 83% used [0x00000000b0000000,0x00000000ba190200,0x00000000bc250000)
}
Event: 10588.068 GC heap before
{Heap before GC invocations=38 (full 12):
 PSYoungGen      total 258816K, used 196553K [0x00000000eaab0000, 0x00000000feaf0000, 0x0000000100000000)
  eden space 207040K, 94% used [0x00000000eaab0000,0x00000000f6aa2430,0x00000000f74e0000)
  from space 51776K, 0% used [0x00000000fb860000,0x00000000fb860000,0x00000000feaf0000)
  to   space 42496K, 0% used [0x00000000f74e0000,0x00000000f74e0000,0x00000000f9e60000)
 ParOldGen       total 195008K, used 195006K [0x00000000c0000000, 0x00000000cbe70000, 0x00000000eaab0000)
  object space 195008K, 99% used [0x00000000c0000000,0x00000000cbe6f990,0x00000000cbe70000)
 PSPermGen       total 198976K, used 173885K [0x00000000b0000000, 0x00000000bc250000, 0x00000000c0000000)
  object space 198976K, 87% used [0x00000000b0000000,0x00000000ba9cf498,0x00000000bc250000)
Event: 10588.792 GC heap after
Heap after GC invocations=38 (full 12):
 PSYoungGen      total 258816K, used 22584K [0x00000000eaab0000, 0x00000000feaf0000, 0x0000000100000000)
  eden space 207040K, 10% used [0x00000000eaab0000,0x00000000ec0be030,0x00000000f74e0000)
  from space 51776K, 0% used [0x00000000fb860000,0x00000000fb860000,0x00000000feaf0000)
  to   space 42496K, 0% used [0x00000000f74e0000,0x00000000f74e0000,0x00000000f9e60000)
 ParOldGen       total 195008K, used 195007K [0x00000000c0000000, 0x00000000cbe70000, 0x00000000eaab0000)
  object space 195008K, 99% used [0x00000000c0000000,0x00000000cbe6fd60,0x00000000cbe70000)
 PSPermGen       total 205120K, used 173880K [0x00000000b0000000, 0x00000000bc850000, 0x00000000c0000000)
  object space 205120K, 84% used [0x00000000b0000000,0x00000000ba9ce2b0,0x00000000bc850000)
}

