# JRE version: 7.0_07-b11
# Java VM: Java HotSpot(TM) 64-Bit Server VM (23.3-b01 mixed mode windows-amd64 compressed oops)
Heap
 PSYoungGen      total 294272K, used 65899K [0x00000000eaab0000, 0x00000000ffa50000, 0x0000000100000000)
  eden space 245376K, 26% used [0x00000000eaab0000,0x00000000eeb0ae70,0x00000000f9a50000)
  from space 48896K, 0% used [0x00000000fca90000,0x00000000fca90000,0x00000000ffa50000)
  to   space 49152K, 0% used [0x00000000f9a50000,0x00000000f9a50000,0x00000000fca50000)
 ParOldGen       total 172736K, used 172735K [0x00000000c0000000, 0x00000000ca8b0000, 0x00000000eaab0000)
  object space 172736K, 99% used [0x00000000c0000000,0x00000000ca8afc40,0x00000000ca8b0000)
 PSPermGen       total 163264K, used 132369K [0x00000000b0000000, 0x00000000b9f70000, 0x00000000c0000000)
  object space 163264K, 81% used [0x00000000b0000000,0x00000000b81444b0,0x00000000b9f70000)
GC Heap History (10 events):
Event: 1275.711 GC heap before
{Heap before GC invocations=22 (full 7):
 PSYoungGen      total 291968K, used 291962K [0x00000000eaab0000, 0x0000000100000000, 0x0000000100000000)
  eden space 256064K, 100% used [0x00000000eaab0000,0x00000000fa4c0000,0x00000000fa4c0000)
  from space 35904K, 99% used [0x00000000fdcf0000,0x00000000ffffe8c8,0x0000000100000000)
  to   space 46720K, 0% used [0x00000000fa4c0000,0x00000000fa4c0000,0x00000000fd260000)
 ParOldGen       total 168704K, used 119898K [0x00000000c0000000, 0x00000000ca4c0000, 0x00000000eaab0000)
  object space 168704K, 71% used [0x00000000c0000000,0x00000000c7516b30,0x00000000ca4c0000)
 PSPermGen       total 121536K, used 110989K [0x00000000b0000000, 0x00000000b76b0000, 0x00000000c0000000)
  object space 121536K, 91% used [0x00000000b0000000,0x00000000b6c63530,0x00000000b76b0000)
Event: 1275.778 GC heap after
Heap after GC invocations=22 (full 7):
 PSYoungGen      total 281792K, used 36405K [0x00000000eaab0000, 0x00000000ffad0000, 0x0000000100000000)
  eden space 245376K, 0% used [0x00000000eaab0000,0x00000000eaab0000,0x00000000f9a50000)
  from space 36416K, 99% used [0x00000000fa4c0000,0x00000000fc84d590,0x00000000fc850000)
  to   space 49408K, 0% used [0x00000000fca90000,0x00000000fca90000,0x00000000ffad0000)
 ParOldGen       total 168704K, used 147979K [0x00000000c0000000, 0x00000000ca4c0000, 0x00000000eaab0000)
  object space 168704K, 87% used [0x00000000c0000000,0x00000000c9082f40,0x00000000ca4c0000)
 PSPermGen       total 121536K, used 110989K [0x00000000b0000000, 0x00000000b76b0000, 0x00000000c0000000)
  object space 121536K, 91% used [0x00000000b0000000,0x00000000b6c63530,0x00000000b76b0000)
}
Event: 1278.003 GC heap before
{Heap before GC invocations=23 (full 7):
 PSYoungGen      total 281792K, used 123563K [0x00000000eaab0000, 0x00000000ffad0000, 0x0000000100000000)
  eden space 245376K, 35% used [0x00000000eaab0000,0x00000000effcd808,0x00000000f9a50000)
  from space 36416K, 99% used [0x00000000fa4c0000,0x00000000fc84d590,0x00000000fc850000)
  to   space 49408K, 0% used [0x00000000fca90000,0x00000000fca90000,0x00000000ffad0000)
 ParOldGen       total 168704K, used 147979K [0x00000000c0000000, 0x00000000ca4c0000, 0x00000000eaab0000)
  object space 168704K, 87% used [0x00000000c0000000,0x00000000c9082f40,0x00000000ca4c0000)
 PSPermGen       total 121536K, used 114208K [0x00000000b0000000, 0x00000000b76b0000, 0x00000000c0000000)
  object space 121536K, 93% used [0x00000000b0000000,0x00000000b6f881f0,0x00000000b76b0000)
Event: 1278.078 GC heap after
Heap after GC invocations=23 (full 7):
 PSYoungGen      total 294272K, used 10329K [0x00000000eaab0000, 0x00000000ffa50000, 0x0000000100000000)
  eden space 245376K, 0% used [0x00000000eaab0000,0x00000000eaab0000,0x00000000f9a50000)
  from space 48896K, 21% used [0x00000000fca90000,0x00000000fd4a6550,0x00000000ffa50000)
  to   space 49152K, 0% used [0x00000000f9a50000,0x00000000f9a50000,0x00000000fca50000)
 ParOldGen       total 172736K, used 172680K [0x00000000c0000000, 0x00000000ca8b0000, 0x00000000eaab0000)
  object space 172736K, 99% used [0x00000000c0000000,0x00000000ca8a21b8,0x00000000ca8b0000)
 PSPermGen       total 121536K, used 114208K [0x00000000b0000000, 0x00000000b76b0000, 0x00000000c0000000)
  object space 121536K, 93% used [0x00000000b0000000,0x00000000b6f881f0,0x00000000b76b0000)
}
Event: 1278.078 GC heap before
{Heap before GC invocations=24 (full 8):
 PSYoungGen      total 294272K, used 10329K [0x00000000eaab0000, 0x00000000ffa50000, 0x0000000100000000)
  eden space 245376K, 0% used [0x00000000eaab0000,0x00000000eaab0000,0x00000000f9a50000)
  from space 48896K, 21% used [0x00000000fca90000,0x00000000fd4a6550,0x00000000ffa50000)
  to   space 49152K, 0% used [0x00000000f9a50000,0x00000000f9a50000,0x00000000fca50000)
 ParOldGen       total 172736K, used 172680K [0x00000000c0000000, 0x00000000ca8b0000, 0x00000000eaab0000)
  object space 172736K, 99% used [0x00000000c0000000,0x00000000ca8a21b8,0x00000000ca8b0000)
 PSPermGen       total 121536K, used 114208K [0x00000000b0000000, 0x00000000b76b0000, 0x00000000c0000000)
  object space 121536K, 93% used [0x00000000b0000000,0x00000000b6f881f0,0x00000000b76b0000)
Event: 1278.934 GC heap after
Heap after GC invocations=24 (full 8):
 PSYoungGen      total 294272K, used 0K [0x00000000eaab0000, 0x00000000ffa50000, 0x0000000100000000)
  eden space 245376K, 0% used [0x00000000eaab0000,0x00000000eaab0000,0x00000000f9a50000)
  from space 48896K, 0% used [0x00000000fca90000,0x00000000fca90000,0x00000000ffa50000)
  to   space 49152K, 0% used [0x00000000f9a50000,0x00000000f9a50000,0x00000000fca50000)
 ParOldGen       total 172736K, used 153715K [0x00000000c0000000, 0x00000000ca8b0000, 0x00000000eaab0000)
  object space 172736K, 88% used [0x00000000c0000000,0x00000000c961cc58,0x00000000ca8b0000)
 PSPermGen       total 152960K, used 113495K [0x00000000b0000000, 0x00000000b9560000, 0x00000000c0000000)
  object space 152960K, 74% used [0x00000000b0000000,0x00000000b6ed5d38,0x00000000b9560000)
}
Event: 1416.785 GC heap before
{Heap before GC invocations=25 (full 9):
 PSYoungGen      total 294272K, used 171291K [0x00000000eaab0000, 0x00000000ffa50000, 0x0000000100000000)
  eden space 245376K, 69% used [0x00000000eaab0000,0x00000000f51f6f20,0x00000000f9a50000)
  from space 48896K, 0% used [0x00000000fca90000,0x00000000fca90000,0x00000000ffa50000)
  to   space 49152K, 0% used [0x00000000f9a50000,0x00000000f9a50000,0x00000000fca50000)
 ParOldGen       total 172736K, used 153715K [0x00000000c0000000, 0x00000000ca8b0000, 0x00000000eaab0000)
  object space 172736K, 88% used [0x00000000c0000000,0x00000000c961cc58,0x00000000ca8b0000)
 PSPermGen       total 152960K, used 120457K [0x00000000b0000000, 0x00000000b9560000, 0x00000000c0000000)
  object space 152960K, 78% used [0x00000000b0000000,0x00000000b75a2438,0x00000000b9560000)
Event: 1417.360 GC heap after
Heap after GC invocations=25 (full 9):
 PSYoungGen      total 294272K, used 843K [0x00000000eaab0000, 0x00000000ffa50000, 0x0000000100000000)
  eden space 245376K, 0% used [0x00000000eaab0000,0x00000000eab82ed0,0x00000000f9a50000)
  from space 48896K, 0% used [0x00000000fca90000,0x00000000fca90000,0x00000000ffa50000)
  to   space 49152K, 0% used [0x00000000f9a50000,0x00000000f9a50000,0x00000000fca50000)
 ParOldGen       total 172736K, used 172729K [0x00000000c0000000, 0x00000000ca8b0000, 0x00000000eaab0000)
  object space 172736K, 99% used [0x00000000c0000000,0x00000000ca8ae6d0,0x00000000ca8b0000)
 PSPermGen       total 157056K, used 120453K [0x00000000b0000000, 0x00000000b9960000, 0x00000000c0000000)
  object space 157056K, 76% used [0x00000000b0000000,0x00000000b75a15c8,0x00000000b9960000)
}
Event: 1447.950 GC heap before
{Heap before GC invocations=26 (full 10):
 PSYoungGen      total 294272K, used 245376K [0x00000000eaab0000, 0x00000000ffa50000, 0x0000000100000000)
  eden space 245376K, 100% used [0x00000000eaab0000,0x00000000f9a50000,0x00000000f9a50000)
  from space 48896K, 0% used [0x00000000fca90000,0x00000000fca90000,0x00000000ffa50000)
  to   space 49152K, 0% used [0x00000000f9a50000,0x00000000f9a50000,0x00000000fca50000)
 ParOldGen       total 172736K, used 172729K [0x00000000c0000000, 0x00000000ca8b0000, 0x00000000eaab0000)
  object space 172736K, 99% used [0x00000000c0000000,0x00000000ca8ae6d0,0x00000000ca8b0000)
 PSPermGen       total 157056K, used 130908K [0x00000000b0000000, 0x00000000b9960000, 0x00000000c0000000)
  object space 157056K, 83% used [0x00000000b0000000,0x00000000b7fd72b8,0x00000000b9960000)
Event: 1448.670 GC heap after
Heap after GC invocations=26 (full 10):
 PSYoungGen      total 294272K, used 16983K [0x00000000eaab0000, 0x00000000ffa50000, 0x0000000100000000)
  eden space 245376K, 6% used [0x00000000eaab0000,0x00000000ebb45e98,0x00000000f9a50000)
  from space 48896K, 0% used [0x00000000fca90000,0x00000000fca90000,0x00000000ffa50000)
  to   space 49152K, 0% used [0x00000000f9a50000,0x00000000f9a50000,0x00000000fca50000)
 ParOldGen       total 172736K, used 172735K [0x00000000c0000000, 0x00000000ca8b0000, 0x00000000eaab0000)
  object space 172736K, 99% used [0x00000000c0000000,0x00000000ca8afc40,0x00000000ca8b0000)
 PSPermGen       total 163264K, used 130515K [0x00000000b0000000, 0x00000000b9f70000, 0x00000000c0000000)
  object space 163264K, 79% used [0x00000000b0000000,0x00000000b7f74df8,0x00000000b9f70000)
}

